[2025-11-28T07:31:59.481+0000] {local_task_job_runner.py:123} INFO - ::group::Pre task execution logs
[2025-11-28T07:31:59.499+0000] {taskinstance.py:2612} INFO - Dependencies all met for dep_context=non-requeueable deps ti=<TaskInstance: spark_minio_test.spark_minio_job manual__2025-11-28T07:31:57.664602+00:00 [queued]>
[2025-11-28T07:31:59.506+0000] {taskinstance.py:2612} INFO - Dependencies all met for dep_context=requeueable deps ti=<TaskInstance: spark_minio_test.spark_minio_job manual__2025-11-28T07:31:57.664602+00:00 [queued]>
[2025-11-28T07:31:59.507+0000] {taskinstance.py:2865} INFO - Starting attempt 1 of 1
[2025-11-28T07:31:59.516+0000] {taskinstance.py:2888} INFO - Executing <Task(SparkSubmitOperator): spark_minio_job> on 2025-11-28 07:31:57.664602+00:00
[2025-11-28T07:31:59.521+0000] {warnings.py:112} WARNING - /home/***/.local/lib/python3.12/site-packages/***/task/task_runner/standard_task_runner.py:70: DeprecationWarning: This process (pid=70) is multi-threaded, use of fork() may lead to deadlocks in the child.
  pid = os.fork()

[2025-11-28T07:31:59.524+0000] {standard_task_runner.py:72} INFO - Started process 71 to run task
[2025-11-28T07:31:59.524+0000] {standard_task_runner.py:104} INFO - Running: ['***', 'tasks', 'run', 'spark_minio_test', 'spark_minio_job', 'manual__2025-11-28T07:31:57.664602+00:00', '--job-id', '3', '--raw', '--subdir', 'DAGS_FOLDER/testAirflow.py', '--cfg-path', '/tmp/tmp4t18e2mz']
[2025-11-28T07:31:59.525+0000] {standard_task_runner.py:105} INFO - Job 3: Subtask spark_minio_job
[2025-11-28T07:31:59.627+0000] {task_command.py:467} INFO - Running <TaskInstance: spark_minio_test.spark_minio_job manual__2025-11-28T07:31:57.664602+00:00 [running]> on host faa88dd13408
[2025-11-28T07:31:59.728+0000] {taskinstance.py:3131} INFO - Exporting env vars: AIRFLOW_CTX_DAG_OWNER='***' AIRFLOW_CTX_DAG_ID='spark_minio_test' AIRFLOW_CTX_TASK_ID='spark_minio_job' AIRFLOW_CTX_EXECUTION_DATE='2025-11-28T07:31:57.664602+00:00' AIRFLOW_CTX_TRY_NUMBER='1' AIRFLOW_CTX_DAG_RUN_ID='manual__2025-11-28T07:31:57.664602+00:00'
[2025-11-28T07:31:59.730+0000] {taskinstance.py:731} INFO - ::endgroup::
[2025-11-28T07:31:59.793+0000] {base.py:84} INFO - Retrieving connection 'spark_default'
[2025-11-28T07:31:59.796+0000] {spark_submit.py:401} INFO - Spark-Submit cmd: spark-submit --master yarn --name arrow-spark --verbose --queue root.default /opt/***/apps/testSpark.py
[2025-11-28T07:31:59.859+0000] {spark_submit.py:571} INFO - /home/***/.local/lib/python3.12/site-packages/pyspark/bin/load-spark-env.sh: line 68: ps: command not found
[2025-11-28T07:31:59.861+0000] {spark_submit.py:571} INFO - JAVA_HOME is not set
[2025-11-28T07:31:59.871+0000] {taskinstance.py:3310} ERROR - Task failed with exception
Traceback (most recent call last):
  File "/home/airflow/.local/lib/python3.12/site-packages/airflow/models/taskinstance.py", line 767, in _execute_task
    result = _execute_callable(context=context, **execute_callable_kwargs)
             ^^^^^^^^^^^^^^^^^^^^^^^^^^^^^^^^^^^^^^^^^^^^^^^^^^^^^^^^^^^^^
  File "/home/airflow/.local/lib/python3.12/site-packages/airflow/models/taskinstance.py", line 733, in _execute_callable
    return ExecutionCallableRunner(
           ^^^^^^^^^^^^^^^^^^^^^^^^
  File "/home/airflow/.local/lib/python3.12/site-packages/airflow/utils/operator_helpers.py", line 252, in run
    return self.func(*args, **kwargs)
           ^^^^^^^^^^^^^^^^^^^^^^^^^^
  File "/home/airflow/.local/lib/python3.12/site-packages/airflow/models/baseoperator.py", line 406, in wrapper
    return func(self, *args, **kwargs)
           ^^^^^^^^^^^^^^^^^^^^^^^^^^^
  File "/home/airflow/.local/lib/python3.12/site-packages/airflow/providers/apache/spark/operators/spark_submit.py", line 174, in execute
    self._hook.submit(self._application)
  File "/home/airflow/.local/lib/python3.12/site-packages/airflow/providers/apache/spark/hooks/spark_submit.py", line 502, in submit
    raise AirflowException(
airflow.exceptions.AirflowException: Cannot execute: spark-submit --master yarn --name arrow-spark --verbose --queue root.default /opt/***/apps/testSpark.py. Error code is: 1.
[2025-11-28T07:31:59.876+0000] {taskinstance.py:1225} INFO - Marking task as FAILED. dag_id=spark_minio_test, task_id=spark_minio_job, run_id=manual__2025-11-28T07:31:57.664602+00:00, execution_date=20251128T073157, start_date=20251128T073159, end_date=20251128T073159
[2025-11-28T07:31:59.886+0000] {taskinstance.py:340} INFO - ::group::Post task execution logs
[2025-11-28T07:31:59.887+0000] {standard_task_runner.py:124} ERROR - Failed to execute job 3 for task spark_minio_job (Cannot execute: spark-submit --master yarn --name arrow-spark --verbose --queue root.default /opt/***/apps/testSpark.py. Error code is: 1.; 71)
Traceback (most recent call last):
  File "/home/airflow/.local/lib/python3.12/site-packages/airflow/task/task_runner/standard_task_runner.py", line 117, in _start_by_fork
    ret = args.func(args, dag=self.dag)
          ^^^^^^^^^^^^^^^^^^^^^^^^^^^^^
  File "/home/airflow/.local/lib/python3.12/site-packages/airflow/cli/cli_config.py", line 49, in command
    return func(*args, **kwargs)
           ^^^^^^^^^^^^^^^^^^^^^
  File "/home/airflow/.local/lib/python3.12/site-packages/airflow/utils/cli.py", line 115, in wrapper
    return f(*args, **kwargs)
           ^^^^^^^^^^^^^^^^^^
  File "/home/airflow/.local/lib/python3.12/site-packages/airflow/cli/commands/task_command.py", line 483, in task_run
    task_return_code = _run_task_by_selected_method(args, _dag, ti)
                       ^^^^^^^^^^^^^^^^^^^^^^^^^^^^^^^^^^^^^^^^^^^^
  File "/home/airflow/.local/lib/python3.12/site-packages/airflow/cli/commands/task_command.py", line 256, in _run_task_by_selected_method
    return _run_raw_task(args, ti)
           ^^^^^^^^^^^^^^^^^^^^^^^
  File "/home/airflow/.local/lib/python3.12/site-packages/airflow/cli/commands/task_command.py", line 341, in _run_raw_task
    return ti._run_raw_task(
           ^^^^^^^^^^^^^^^^^
  File "/home/airflow/.local/lib/python3.12/site-packages/airflow/utils/session.py", line 97, in wrapper
    return func(*args, session=session, **kwargs)
           ^^^^^^^^^^^^^^^^^^^^^^^^^^^^^^^^^^^^^^
  File "/home/airflow/.local/lib/python3.12/site-packages/airflow/models/taskinstance.py", line 3004, in _run_raw_task
    return _run_raw_task(
           ^^^^^^^^^^^^^^
  File "/home/airflow/.local/lib/python3.12/site-packages/airflow/models/taskinstance.py", line 273, in _run_raw_task
    TaskInstance._execute_task_with_callbacks(
  File "/home/airflow/.local/lib/python3.12/site-packages/airflow/models/taskinstance.py", line 3158, in _execute_task_with_callbacks
    result = self._execute_task(context, task_orig)
             ^^^^^^^^^^^^^^^^^^^^^^^^^^^^^^^^^^^^^^
  File "/home/airflow/.local/lib/python3.12/site-packages/airflow/models/taskinstance.py", line 3182, in _execute_task
    return _execute_task(self, context, task_orig)
           ^^^^^^^^^^^^^^^^^^^^^^^^^^^^^^^^^^^^^^^
  File "/home/airflow/.local/lib/python3.12/site-packages/airflow/models/taskinstance.py", line 767, in _execute_task
    result = _execute_callable(context=context, **execute_callable_kwargs)
             ^^^^^^^^^^^^^^^^^^^^^^^^^^^^^^^^^^^^^^^^^^^^^^^^^^^^^^^^^^^^^
  File "/home/airflow/.local/lib/python3.12/site-packages/airflow/models/taskinstance.py", line 733, in _execute_callable
    return ExecutionCallableRunner(
           ^^^^^^^^^^^^^^^^^^^^^^^^
  File "/home/airflow/.local/lib/python3.12/site-packages/airflow/utils/operator_helpers.py", line 252, in run
    return self.func(*args, **kwargs)
           ^^^^^^^^^^^^^^^^^^^^^^^^^^
  File "/home/airflow/.local/lib/python3.12/site-packages/airflow/models/baseoperator.py", line 406, in wrapper
    return func(self, *args, **kwargs)
           ^^^^^^^^^^^^^^^^^^^^^^^^^^^
  File "/home/airflow/.local/lib/python3.12/site-packages/airflow/providers/apache/spark/operators/spark_submit.py", line 174, in execute
    self._hook.submit(self._application)
  File "/home/airflow/.local/lib/python3.12/site-packages/airflow/providers/apache/spark/hooks/spark_submit.py", line 502, in submit
    raise AirflowException(
airflow.exceptions.AirflowException: Cannot execute: spark-submit --master yarn --name arrow-spark --verbose --queue root.default /opt/***/apps/testSpark.py. Error code is: 1.
[2025-11-28T07:31:59.901+0000] {local_task_job_runner.py:266} INFO - Task exited with return code 1
[2025-11-28T07:31:59.915+0000] {taskinstance.py:3900} INFO - 0 downstream tasks scheduled from follow-on schedule check
[2025-11-28T07:31:59.917+0000] {local_task_job_runner.py:245} INFO - ::endgroup::
